<html>
<head>
<title>TestNG:  Test</title>
<link href="../testng.css" rel="stylesheet" type="text/css" />
<link href="../my-testng.css" rel="stylesheet" type="text/css" />

<style type="text/css">
.log { display: none;} 
.stack-trace { display: none;} 
</style>
<script type="text/javascript">
<!--
function flip(e) {
  current = e.style.display;
  if (current == 'block') {
    e.style.display = 'none';
    return 0;
  }
  else {
    e.style.display = 'block';
    return 1;
  }
}

function toggleBox(szDivId, elem, msg1, msg2)
{
  var res = -1;  if (document.getElementById) {
    res = flip(document.getElementById(szDivId));
  }
  else if (document.all) {
    // this is the way old msie versions work
    res = flip(document.all[szDivId]);
  }
  if(elem) {
    if(res == 0) elem.innerHTML = msg1; else elem.innerHTML = msg2;
  }

}

function toggleAllBoxes() {
  if (document.getElementsByTagName) {
    d = document.getElementsByTagName('div');
    for (i = 0; i < d.length; i++) {
      if (d[i].className == 'log') {
        flip(d[i]);
      }
    }
  }
}

// -->
</script>

</head>
<body>
<h2 align='center'>Test</h2><table border='1' align="center">
<tr>
<td>Tests passed/Failed/Skipped:</td><td>9/1/0</td>
</tr><tr>
<td>Started on:</td><td>Thu Oct 19 15:07:30 IST 2017</td>
</tr>
<tr><td>Total time:</td><td>713 seconds (713342 ms)</td>
</tr><tr>
<td>Included groups:</td><td></td>
</tr><tr>
<td>Excluded groups:</td><td></td>
</tr>
</table><p/>
<small><i>(Hover the method name to see the test class name)</i></small><p/>
<table width='100%' border='1' class='invocation-failed'>
<tr><td colspan='4' align='center'><b>FAILED TESTS</b></td></tr>
<tr><td><b>Test method</b></td>
<td width="30%"><b>Exception</b></td>
<td width="10%"><b>Time (seconds)</b></td>
<td><b>Instance</b></td>
</tr>
<tr>
<td title='com.actitime.tests.UserNavigationTest.testUserPageNavigation()'><b>testUserPageNavigation</b><br>Test class: com.actitime.tests.UserNavigationTest<br/>
<a href="#Output-2052489518" onClick='toggleBox("Output-2052489518", this, "Show output", "Hide output");'>Show output</a>

<a href="#Output-2052489518" onClick="toggleAllBoxes();">Show all outputs</a>
<div class='log' id="Output-2052489518">
Element is not matching<br/>
</div>
</td>
<td><div><pre>java.lang.AssertionError: null
	at com.actitime.generic.BasePage.verifyElement(BasePage.java:46)
	at com.actitime.pages.UserListPage.verifyExistingUserMessage(UserListPage.java:197)
	at com.actitime.tests.UserNavigationTest.testUserPageNavigation(UserNavigationTest.java:86)
... Removed 27 stack frames</pre></div><a href='#' onClick='toggleBox("stack-trace2052489518", this, "Click to show all stack frames", "Click to hide stack frames")'>Click to show all stack frames</a>
<div class='stack-trace' id='stack-trace2052489518'><pre>java.lang.AssertionError: null
	at org.testng.Assert.fail(Assert.java:93)
	at org.testng.Assert.fail(Assert.java:100)
	at com.actitime.generic.BasePage.verifyElement(BasePage.java:46)
	at com.actitime.pages.UserListPage.verifyExistingUserMessage(UserListPage.java:197)
	at com.actitime.tests.UserNavigationTest.testUserPageNavigation(UserNavigationTest.java:86)
	at sun.reflect.NativeMethodAccessorImpl.invoke0(Native Method)
	at sun.reflect.NativeMethodAccessorImpl.invoke(Unknown Source)
	at sun.reflect.DelegatingMethodAccessorImpl.invoke(Unknown Source)
	at java.lang.reflect.Method.invoke(Unknown Source)
	at org.testng.internal.MethodInvocationHelper.invokeMethod(MethodInvocationHelper.java:108)
	at org.testng.internal.Invoker.invokeMethod(Invoker.java:669)
	at org.testng.internal.Invoker.invokeTestMethod(Invoker.java:877)
	at org.testng.internal.Invoker.invokeTestMethods(Invoker.java:1201)
	at org.testng.internal.TestMethodWorker.invokeTestMethods(TestMethodWorker.java:125)
	at org.testng.internal.TestMethodWorker.run(TestMethodWorker.java:109)
	at org.testng.TestRunner.privateRun(TestRunner.java:776)
	at org.testng.TestRunner.run(TestRunner.java:634)
	at org.testng.SuiteRunner.runTest(SuiteRunner.java:425)
	at org.testng.SuiteRunner.runSequentially(SuiteRunner.java:420)
	at org.testng.SuiteRunner.privateRun(SuiteRunner.java:385)
	at org.testng.SuiteRunner.run(SuiteRunner.java:334)
	at org.testng.SuiteRunnerWorker.runSuite(SuiteRunnerWorker.java:52)
	at org.testng.SuiteRunnerWorker.run(SuiteRunnerWorker.java:86)
	at org.testng.TestNG.runSuitesSequentially(TestNG.java:1318)
	at org.testng.TestNG.runSuitesLocally(TestNG.java:1243)
	at org.testng.TestNG.runSuites(TestNG.java:1161)
	at org.testng.TestNG.run(TestNG.java:1129)
	at org.testng.remote.AbstractRemoteTestNG.run(AbstractRemoteTestNG.java:114)
	at org.testng.remote.RemoteTestNG.initAndRun(RemoteTestNG.java:251)
	at org.testng.remote.RemoteTestNG.main(RemoteTestNG.java:77)
</pre></div></td>
<td>42</td>
<td>com.actitime.tests.UserNavigationTest@1d057a39</td></tr>
</table><p>
<table width='100%' border='1' class='invocation-passed'>
<tr><td colspan='4' align='center'><b>PASSED TESTS</b></td></tr>
<tr><td><b>Test method</b></td>
<td width="30%"><b>Exception</b></td>
<td width="10%"><b>Time (seconds)</b></td>
<td><b>Instance</b></td>
</tr>
<tr>
<td title='com.actitime.tests.DeleteUserTest.testDeletingTheExistingUser()'><b>testDeletingTheExistingUser</b><br>Test class: com.actitime.tests.DeleteUserTest<br/>
<a href="#Output-1736293769" onClick='toggleBox("Output-1736293769", this, "Show output", "Hide output");'>Show output</a>

<a href="#Output-1736293769" onClick="toggleAllBoxes();">Show all outputs</a>
<div class='log' id="Output-1736293769">
Succesfully deleted the user<br/>
</div>
</td>
<td></td>
<td>41</td>
<td>com.actitime.tests.DeleteUserTest@26be92ad</td></tr>
<tr>
<td title='com.actitime.tests.LoginUserTest.testLoginUserUpdate()'><b>testLoginUserUpdate</b><br>Test class: com.actitime.tests.LoginUserTest<br/>
<a href="#Output-1028472807" onClick='toggleBox("Output-1028472807", this, "Show output", "Hide output");'>Show output</a>

<a href="#Output-1028472807" onClick="toggleAllBoxes();">Show all outputs</a>
<div class='log' id="Output-1028472807">
Supriya Watson<br/>
The login UserName is matching with the expected name<br/>
</div>
</td>
<td></td>
<td>58</td>
<td>com.actitime.tests.LoginUserTest@224edc67</td></tr>
<tr>
<td title='com.actitime.tests.UpdatingUserTest.testUpdateUserDetails()'><b>testUpdateUserDetails</b><br>Test class: com.actitime.tests.UpdatingUserTest<br/>
<a href="#Output-1846982837" onClick='toggleBox("Output-1846982837", this, "Show output", "Hide output");'>Show output</a>

<a href="#Output-1846982837" onClick="toggleAllBoxes();">Show all outputs</a>
<div class='log' id="Output-1846982837">
Both actual and expected name matches<br/>
</div>
</td>
<td></td>
<td>48</td>
<td>com.actitime.tests.UpdatingUserTest@2b98378d</td></tr>
<tr>
<td title='com.actitime.tests.UpdatingUserTest.testUserCreation()'><b>testUserCreation</b><br>Test class: com.actitime.tests.UpdatingUserTest</td>
<td></td>
<td>42</td>
<td>com.actitime.tests.UpdatingUserTest@2b98378d</td></tr>
<tr>
<td title='com.actitime.tests.CreateUserTest.testValidLogin()'><b>testValidLogin</b><br>Test class: com.actitime.tests.CreateUserTest<br/>
<a href="#Output-1204088028" onClick='toggleBox("Output-1204088028", this, "Show output", "Hide output");'>Show output</a>

<a href="#Output-1204088028" onClick="toggleAllBoxes();">Show all outputs</a>
<div class='log' id="Output-1204088028">
Title is matching: actiTIME - Login<br/>
Title is matching: actiTIME - Enter Time-Track<br/>
Username exist in the Table<br/>
</div>
</td>
<td></td>
<td>56</td>
<td>com.actitime.tests.CreateUserTest@cb5822</td></tr>
<tr>
<td title='com.actitime.tests.RegisteredUserTest.testValidLogin()'><b>testValidLogin</b><br>Test class: com.actitime.tests.RegisteredUserTest<br/>
<a href="#Output-478139423" onClick='toggleBox("Output-478139423", this, "Show output", "Hide output");'>Show output</a>

<a href="#Output-478139423" onClick="toggleAllBoxes();">Show all outputs</a>
<div class='log' id="Output-478139423">
Title is matching: actiTIME - Login<br/>
Title is matching: actiTIME - Enter Time-Track<br/>
</div>
</td>
<td></td>
<td>47</td>
<td>com.actitime.tests.RegisteredUserTest@4b9e13df</td></tr>
<tr>
<td title='com.actitime.tests.InvalidUserLoginTest.testValidLogin()'><b>testValidLogin</b><br>Test class: com.actitime.tests.InvalidUserLoginTest<br/>
<a href="#Output-917568725" onClick='toggleBox("Output-917568725", this, "Show output", "Hide output");'>Show output</a>

<a href="#Output-917568725" onClick="toggleAllBoxes();">Show all outputs</a>
<div class='log' id="Output-917568725">
Title is matching: actiTIME - Login<br/>
Title is matching: actiTIME - Enter Time-Track<br/>
</div>
</td>
<td></td>
<td>49</td>
<td>com.actitime.tests.InvalidUserLoginTest@475530b9</td></tr>
<tr>
<td title='com.actitime.tests.DeleteUserTest.testValidLogin()'><b>testValidLogin</b><br>Test class: com.actitime.tests.DeleteUserTest<br/>
<a href="#Output-1545327692" onClick='toggleBox("Output-1545327692", this, "Show output", "Hide output");'>Show output</a>

<a href="#Output-1545327692" onClick="toggleAllBoxes();">Show all outputs</a>
<div class='log' id="Output-1545327692">
Title is matching: actiTIME - Login<br/>
Title is matching: actiTIME - Enter Time-Track<br/>
</div>
</td>
<td></td>
<td>47</td>
<td>com.actitime.tests.DeleteUserTest@26be92ad</td></tr>
<tr>
<td title='com.actitime.tests.InvalidUserLoginTest.testwithInvalidUserPassword()'><b>testwithInvalidUserPassword</b><br>Test class: com.actitime.tests.InvalidUserLoginTest<br/>
<a href="#Output-422522663" onClick='toggleBox("Output-422522663", this, "Show output", "Hide output");'>Show output</a>

<a href="#Output-422522663" onClick="toggleAllBoxes();">Show all outputs</a>
<div class='log' id="Output-422522663">
Element is matching: Username or Password is invalid. Please try again.<br/>
</div>
</td>
<td></td>
<td>40</td>
<td>com.actitime.tests.InvalidUserLoginTest@475530b9</td></tr>
</table><p>
</body>
</html>