<?xml version="1.0" encoding="UTF-8"?>
<!-- Generated by org.testng.reporters.JUnitXMLReporter -->
<testsuite hostname="LAPTOP-S0T7N613" ignored="1" name="Test" tests="10" failures="1" timestamp="19 Oct 2017 09:49:23 GMT" time="713.342" errors="0">
  <testcase name="testValidLogin" time="56.96" classname="com.actitime.tests.CreateUserTest"/>
  <testcase name="testValidLogin" time="47.489" classname="com.actitime.tests.RegisteredUserTest"/>
  <testcase name="testUserCreation" time="42.031" classname="com.actitime.tests.UpdatingUserTest"/>
  <testcase name="testUpdateUserDetails" time="48.177" classname="com.actitime.tests.UpdatingUserTest"/>
  <testcase name="testValidLogin" time="49.481" classname="com.actitime.tests.InvalidUserLoginTest"/>
  <testcase name="testwithInvalidUserPassword" time="40.618" classname="com.actitime.tests.InvalidUserLoginTest"/>
  <testcase name="testUserPageNavigation" time="42.7" classname="com.actitime.tests.UserNavigationTest">
    <failure type="java.lang.AssertionError" message="null">
      <![CDATA[java.lang.AssertionError: null
	at com.actitime.generic.BasePage.verifyElement(BasePage.java:46)
	at com.actitime.pages.UserListPage.verifyExistingUserMessage(UserListPage.java:197)
	at com.actitime.tests.UserNavigationTest.testUserPageNavigation(UserNavigationTest.java:86)
... Removed 27 stack frames]]>
    </failure>
  </testcase> <!-- testUserPageNavigation -->
  <testcase name="testValidLogin" time="47.814" classname="com.actitime.tests.DeleteUserTest"/>
  <testcase name="testDeletingTheExistingUser" time="41.823" classname="com.actitime.tests.DeleteUserTest"/>
  <testcase name="testLoginUserUpdate" time="58.114" classname="com.actitime.tests.LoginUserTest"/>
  <testcase name="testRegisteredUser" time="0.0" classname="com.actitime.tests.RegisteredUserTest">
    <ignored/>
  </testcase> <!-- testRegisteredUser -->
</testsuite> <!-- Test -->
